-------------------------------------------------------------------------------
Test set: com.sg.marstafk.guessthenumber.data.RoundDaoDBTest
-------------------------------------------------------------------------------
Tests run: 1, Failures: 0, Errors: 1, Skipped: 0, Time elapsed: 4.559 s <<< FAILURE! - in com.sg.marstafk.guessthenumber.data.RoundDaoDBTest
testAddGetAll  Time elapsed: 1.239 s  <<< ERROR!
java.lang.NullPointerException: Cannot invoke "java.util.List.size()" because "rounds" is null
	at com.sg.marstafk.guessthenumber.data.RoundDaoDBTest.testAddGetAll(RoundDaoDBTest.java:82)

