<?xml version="1.0" encoding="UTF-8"?>
<testsuite xmlns:xsi="http://www.w3.org/2001/XMLSchema-instance" xsi:noNamespaceSchemaLocation="https://maven.apache.org/surefire/maven-surefire-plugin/xsd/surefire-test-report.xsd" name="com.sg.marstafk.flooringmastery.service.FlooringMasteryServiceFileImplTest" time="0.464" tests="8" errors="0" skipped="0" failures="0">
  <properties>
[...]
</properties>
  <testcase name="testGetStateTax" classname="com.sg.marstafk.flooringmastery.service.FlooringMasteryServiceFileImplTest" time="0.009"/>
  <testcase name="testEditOrder" classname="com.sg.marstafk.flooringmastery.service.FlooringMasteryServiceFileImplTest" time="0.009"/>
  <testcase name="testRemoveOrder" classname="com.sg.marstafk.flooringmastery.service.FlooringMasteryServiceFileImplTest" time="0.009"/>
  <testcase name="testListOrder" classname="com.sg.marstafk.flooringmastery.service.FlooringMasteryServiceFileImplTest" time="0.008"/>
  <testcase name="testAddOrder" classname="com.sg.marstafk.flooringmastery.service.FlooringMasteryServiceFileImplTest" time="0.008"/>
  <testcase name="testGetProduct" classname="com.sg.marstafk.flooringmastery.service.FlooringMasteryServiceFileImplTest" time="0.007"/>
  <testcase name="testOrderByDate" classname="com.sg.marstafk.flooringmastery.service.FlooringMasteryServiceFileImplTest" time="0.009"/>
  <testcase name="testListProducts" classname="com.sg.marstafk.flooringmastery.service.FlooringMasteryServiceFileImplTest" time="0"/>
</testsuite>